<?xml version="1.0" encoding="UTF-8"?>
<!-- Generated by org.testng.reporters.JUnitReportReporter -->
<testsuite hostname="windows" failures="0" tests="3" name="dataDrivenTests.loginTest" time="50.805" errors="0" timestamp="2022-06-24T16:04:13 CDT" skipped="0">
  <testcase classname="dataDrivenTests.loginTest" name="login" time="17.681"/>
  <system-out/>
  <testcase classname="dataDrivenTests.loginTest" name="login" time="17.739"/>
  <system-out/>
  <testcase classname="dataDrivenTests.loginTest" name="login" time="15.385"/>
  <system-out/>
</testsuite> <!-- dataDrivenTests.loginTest -->
